<?xml version="1.0" encoding="UTF-8"?>
<!-- Generated by org.testng.reporters.JUnitReportReporter -->
<testsuite hostname="Jyoti" failures="0" tests="4" name="api.test.UserTests_UsingProperties" time="8.469" errors="0" timestamp="2023-06-11T17:34:35 IST" skipped="0">
  <testcase classname="api.test.UserTests_UsingProperties" name="testPostUser" time="2.837"/>
  <system-out/>
  <testcase classname="api.test.UserTests_UsingProperties" name="testGetUserByName" time="1.549"/>
  <system-out/>
  <testcase classname="api.test.UserTests_UsingProperties" name="testUpdateUserByName" time="2.816"/>
  <system-out/>
  <testcase classname="api.test.UserTests_UsingProperties" name="testDeleteUserByName" time="1.267"/>
  <system-out/>
</testsuite> <!-- api.test.UserTests_UsingProperties -->
