<?xml version="1.0" encoding="UTF-8"?>
<!-- Generated by org.testng.reporters.JUnitReportReporter -->
<testsuite hostname="Jyoti" failures="0" tests="4" name="api.test.UserTests_UsingProperties" time="9.451" errors="0" timestamp="2023-06-11T18:17:29 IST" skipped="0">
  <testcase classname="api.test.UserTests_UsingProperties" name="testPostUser" time="3.715"/>
  <system-out/>
  <testcase classname="api.test.UserTests_UsingProperties" name="testGetUserByName" time="1.458"/>
  <system-out/>
  <testcase classname="api.test.UserTests_UsingProperties" name="testUpdateUserByName" time="2.763"/>
  <system-out/>
  <testcase classname="api.test.UserTests_UsingProperties" name="testDeleteUserByName" time="1.515"/>
  <system-out/>
</testsuite> <!-- api.test.UserTests_UsingProperties -->
